#
# A fatal error has been detected by the Java Runtime Environment:
#
#  EXCEPTION_ACCESS_VIOLATION (0xc0000005) at pc=0x0000026279f57090, pid=11216, tid=8648
#
# JRE version: Java(TM) SE Runtime Environment 18.9 (11.0.13+10) (build 11.0.13+10-LTS-370)
# Java VM: Java HotSpot(TM) 64-Bit Server VM 18.9 (11.0.13+10-LTS-370, mixed mode, tiered, compressed oops, parallel gc, windows-amd64)
# Problematic frame:
# C  0x0000026279f57090
#
# No core dump will be written. Minidumps are not enabled by default on client versions of Windows
#
# If you would like to submit a bug report, please visit:
#   https://bugreport.java.com/bugreport/crash.jsp
#

---------------  S U M M A R Y ------------

Command Line: --add-modules=ALL-SYSTEM --add-opens=java.base/java.util=ALL-UNNAMED --add-opens=java.base/java.lang=ALL-UNNAMED -Declipse.application=org.eclipse.jdt.ls.core.id1 -Dosgi.bundles.defaultStartLevel=4 -Declipse.product=org.eclipse.jdt.ls.core.product -Dfile.encoding=utf8 -DwatchParentProcess=false -XX:+UseParallelGC -XX:GCTimeRatio=4 -XX:AdaptiveSizePolicyWeight=90 -Dsun.zip.disableMemoryMapping=true -Xmx1G -Xms100m -Xverify:none c:\Users\user\.vscode\extensions\redhat.java-1.0.0\server\plugins\org.eclipse.equinox.launcher_1.6.400.v20210924-0641.jar -configuration c:\Users\user\AppData\Roaming\Code\User\globalStorage\redhat.java\1.0.0\config_win -data c:\Users\user\AppData\Roaming\Code\User\workspaceStorage\ae27fa1ab734a71e7c68ea1d23b01e72\redhat.java\jdt_ws

Host: Intel(R) Core(TM) i5-10210U CPU @ 1.60GHz, 8 cores, 7G,  Windows 10 , 64 bit Build 19041 (10.0.19041.1151)
Time: Mon Nov  1 13:13:23 2021 India Standard Time elapsed time: 14628.177672 seconds (0d 4h 3m 48s)

---------------  T H R E A D  ---------------

Current thread (0x000002627ba8d000):  JavaThread "C2 CompilerThread0" daemon [_thread_in_vm, id=8648, stack(0x000000efa9800000,0x000000efa9900000)]


Current CompileTask:
C2:14628177 14190       4       org.eclipse.jdt.internal.compiler.lookup.PackageBinding::getTypeOrPackage (368 bytes)

Stack: [0x000000efa9800000,0x000000efa9900000],  sp=0x000000efa98fcca8,  free space=1011k
Native frames: (J=compiled Java code, j=interpreted, Vv=VM code, C=native code)
C  0x0000026279f57090


siginfo: EXCEPTION_ACCESS_VIOLATION (0xc0000005), data execution prevention violation at address 0x0000026279f57090


Register to memory mapping:

RIP=0x0000026279f57090 is pointing into metadata
RAX={method} {0x0000026279f57148} 'retainAll' '(Ljava/util/Collection;)Z' in 'java/util/AbstractCollection'
RBX=0x0000000100018058 is pointing into metadata
RCX=0x0000000100018058 is pointing into metadata
RDX=0x0000000100018058 is pointing into metadata
RSP=0x000000efa98fcca8 is pointing into the stack for thread: 0x000002627ba8d000
RBP=0x0000000100018058 is pointing into metadata
RSI=0x000002627ba8d000 is a thread
RDI=0x000002627e0ef950 points into unknown readable memory: 0x000000efa98ff0a8 | a8 f0 8f a9 ef 00 00 00
R8 =0x0000000000000002 is an unknown value
R9 =0x000002627bb70b40 points into unknown readable memory: 0x000002627baf5c80 | 80 5c af 7b 62 02 00 00
R10=0x000002627a83adb0 points into unknown readable memory: 0x0000001e00000002 | 02 00 00 00 1e 00 00 00
R11={method} {0x000002621aa63c88} 'getVisibleFor' '(Lorg/eclipse/jdt/internal/compiler/lookup/ModuleBinding;Z)Lorg/eclipse/jdt/internal/compiler/lookup/PackageBinding;' in 'org/eclipse/jdt/internal/compiler/lookup/SplitPackageBinding'
R12=0x0 is NULL
R13=0x0000000000000008 is an unknown value
R14=0x000002627bc3f7c0 points into unknown readable memory: 0x00007ffd01385470 | 70 54 38 01 fd 7f 00 00
R15=0x00000000000000f9 is an unknown value


Registers:
RAX=0x0000026279f57140, RBX=0x0000000100018058, RCX=0x0000000100018058, RDX=0x0000000100018058
RSP=0x000000efa98fcca8, RBP=0x0000000100018058, RSI=0x000002627ba8d000, RDI=0x000002627e0ef950
R8 =0x0000000000000002, R9 =0x000002627bb70b40, R10=0x000002627a83adb0, R11=0x000002621aa63c80
R12=0x0000000000000000, R13=0x0000000000000008, R14=0x000002627bc3f7c0, R15=0x00000000000000f9
RIP=0x0000026279f57090, EFLAGS=0x0000000000010202

Top of Stack: (sp=0x000000efa98fcca8)
0x000000efa98fcca8:   00007ffd00ce5edb 0000000000000000
0x000000efa98fccb8:   00007ffd0127377b 0000026211084168
0x000000efa98fccc8:   00007ffd01273a61 000002620fbac9f0
0x000000efa98fccd8:   0000000080000001 0000000000000000
0x000000efa98fcce8:   00007ffd00ce6753 000000000000006f
0x000000efa98fccf8:   000002627e0ef950 0000026211b974d0
0x000000efa98fcd08:   000002627e0f10f0 000002627cd2bbe0
0x000000efa98fcd18:   0000000000000002 0000000000000010
0x000000efa98fcd28:   00007ffd00ce4049 000002627bc3f7c0
0x000000efa98fcd38:   0000000000000000 000002627bc3f7b0
0x000000efa98fcd48:   00007ffd011242f2 000002627e0c4b30
0x000000efa98fcd58:   000002621c77df60 000002627a83ad08
0x000000efa98fcd68:   000002627bc3f7c0 000000efa98ff0a8
0x000000efa98fcd78:   00007ffd00ce3000 000002627daf7c50
0x000000efa98fcd88:   000002627bc3f7b0 000002627a83d8e0
0x000000efa98fcd98:   00007ffd00ce607a 000002621c77df60 

Instructions: (pc=0x0000026279f57090)
0x0000026279f57070:   40 de 00 00 62 02 00 00 d4 71 02 00 62 02 00 00
0x0000026279f57080:   00 00 00 00 00 00 00 00 40 de 00 00 62 02 00 00
0x0000026279f57090:   00 00 00 00 00 00 00 80 40 5d f5 79 62 02 00 00
0x0000026279f570a0:   00 00 00 00 00 00 00 00 90 9c 6f 7a 62 02 00 00 


Stack slot to memory mapping:
stack at sp + 0 slots: 0x00007ffd00ce5edb jvm.dll
stack at sp + 1 slots: 0x0 is NULL
stack at sp + 2 slots: 0x00007ffd0127377b jvm.dll
stack at sp + 3 slots: 0x0000026211084168 points into unknown readable memory: 0x00007ffd01407e28 | 28 7e 40 01 fd 7f 00 00
stack at sp + 4 slots: 0x00007ffd01273a61 jvm.dll
stack at sp + 5 slots: 0x000002620fbac9f0 points into unknown readable memory: 0x00007ffd01384b08 | 08 4b 38 01 fd 7f 00 00
stack at sp + 6 slots: 0x0000000080000001 is an unknown value
stack at sp + 7 slots: 0x0 is NULL


---------------  P R O C E S S  ---------------

Threads class SMR info:
_java_thread_list=0x000002627e033e80, length=28, elements={
0x0000026270807000, 0x000002627a824000, 0x000002627a826000, 0x000002627bad9800,
0x000002627bada800, 0x000002627badc000, 0x000002627ba8d000, 0x000002627ba8e000,
0x000002627ba93000, 0x000002627bc2b000, 0x000002627cc72000, 0x000002627cf72800,
0x000002627cfb1800, 0x000002627ce6e000, 0x000002627ca9e000, 0x000002627cd5b000,
0x000002627bb54800, 0x000002627bb53800, 0x000002627dad9800, 0x000002627dad9000,
0x000002627dad7800, 0x000002627dad5000, 0x000002627dadb800, 0x000002627dae0000,
0x000002627dad8000, 0x000002627dad6800, 0x000002627dad3000, 0x000002627be3c800
}

Java Threads: ( => current thread )
  0x0000026270807000 JavaThread "main" [_thread_blocked, id=12064, stack(0x000000efa9000000,0x000000efa9100000)]
  0x000002627a824000 JavaThread "Reference Handler" daemon [_thread_blocked, id=12084, stack(0x000000efa9300000,0x000000efa9400000)]
  0x000002627a826000 JavaThread "Finalizer" daemon [_thread_blocked, id=2240, stack(0x000000efa9400000,0x000000efa9500000)]
  0x000002627bad9800 JavaThread "Signal Dispatcher" daemon [_thread_blocked, id=6928, stack(0x000000efa9500000,0x000000efa9600000)]
  0x000002627bada800 JavaThread "Attach Listener" daemon [_thread_blocked, id=10640, stack(0x000000efa9600000,0x000000efa9700000)]
  0x000002627badc000 JavaThread "Service Thread" daemon [_thread_blocked, id=7700, stack(0x000000efa9700000,0x000000efa9800000)]
=>0x000002627ba8d000 JavaThread "C2 CompilerThread0" daemon [_thread_in_vm, id=8648, stack(0x000000efa9800000,0x000000efa9900000)]
  0x000002627ba8e000 JavaThread "C1 CompilerThread0" daemon [_thread_blocked, id=9604, stack(0x000000efa9900000,0x000000efa9a00000)]
  0x000002627ba93000 JavaThread "Sweeper thread" daemon [_thread_blocked, id=6524, stack(0x000000efa9a00000,0x000000efa9b00000)]
  0x000002627bc2b000 JavaThread "Common-Cleaner" daemon [_thread_blocked, id=11936, stack(0x000000efa9b00000,0x000000efa9c00000)]
  0x000002627cc72000 JavaThread "Active Thread: Equinox Container: 5a0e41e4-9461-42d7-be72-d331bb669cb0" [_thread_blocked, id=10464, stack(0x000000efa9c00000,0x000000efa9d00000)]
  0x000002627cf72800 JavaThread "Framework Event Dispatcher: Equinox Container: 5a0e41e4-9461-42d7-be72-d331bb669cb0" daemon [_thread_blocked, id=11240, stack(0x000000efa9f00000,0x000000efaa000000)]
  0x000002627cfb1800 JavaThread "Start Level: Equinox Container: 5a0e41e4-9461-42d7-be72-d331bb669cb0" daemon [_thread_blocked, id=672, stack(0x000000efaa000000,0x000000efaa100000)]
  0x000002627ce6e000 JavaThread "SCR Component Actor" daemon [_thread_blocked, id=11296, stack(0x000000efaa400000,0x000000efaa500000)]
  0x000002627ca9e000 JavaThread "Bundle File Closer" daemon [_thread_blocked, id=4368, stack(0x000000efa9e00000,0x000000efa9f00000)]
  0x000002627cd5b000 JavaThread "Worker-JM" [_thread_blocked, id=5648, stack(0x000000efaa700000,0x000000efaa800000)]
  0x000002627bb54800 JavaThread "Java indexing" daemon [_thread_blocked, id=7856, stack(0x000000efaad00000,0x000000efaae00000)]
  0x000002627bb53800 JavaThread "pool-2-thread-1" [_thread_in_native, id=9364, stack(0x000000efaa500000,0x000000efaa600000)]
  0x000002627dad9800 JavaThread "Worker-9" [_thread_blocked, id=772, stack(0x000000efaa900000,0x000000efaaa00000)]
  0x000002627dad9000 JavaThread "ForkJoinPool.commonPool-worker-5" daemon [_thread_blocked, id=3344, stack(0x000000efa8d00000,0x000000efa8e00000)]
  0x000002627dad7800 JavaThread "ForkJoinPool.commonPool-worker-11" daemon [_thread_blocked, id=12868, stack(0x000000efaab00000,0x000000efaac00000)]
  0x000002627dad5000 JavaThread "ForkJoinPool.commonPool-worker-15" daemon [_thread_blocked, id=8540, stack(0x000000efaae00000,0x000000efaaf00000)]
  0x000002627dadb800 JavaThread "ForkJoinPool.commonPool-worker-1" daemon [_thread_blocked, id=10152, stack(0x000000efab100000,0x000000efab200000)]
  0x000002627dae0000 JavaThread "Worker-12" [_thread_blocked, id=9156, stack(0x000000efab300000,0x000000efab400000)]
  0x000002627dad8000 JavaThread "ForkJoinPool.commonPool-worker-3" daemon [_thread_blocked, id=12420, stack(0x000000efa8f00000,0x000000efa9000000)]
  0x000002627dad6800 JavaThread "ForkJoinPool.commonPool-worker-9" daemon [_thread_blocked, id=13164, stack(0x000000efab400000,0x000000efab500000)]
  0x000002627dad3000 JavaThread "ForkJoinPool.commonPool-worker-7" daemon [_thread_blocked, id=6476, stack(0x000000efa8e00000,0x000000efa8f00000)]
  0x000002627be3c800 JavaThread "C2 CompilerThread1" daemon [_thread_blocked, id=8084, stack(0x000000efaaa00000,0x000000efaab00000)]

Other Threads:
  0x000002627a822000 VMThread "VM Thread" [stack: 0x000000efa9200000,0x000000efa9300000] [id=9764]
  0x000002627bdb4800 WatcherThread [stack: 0x000000efa9d00000,0x000000efa9e00000] [id=5700]
  0x000002627081c800 GCTaskThread "ParGC Thread#0" [stack: 0x000000efa9100000,0x000000efa9200000] [id=6164]
  0x000002627cfb9000 GCTaskThread "ParGC Thread#1" [stack: 0x000000efaa100000,0x000000efaa200000] [id=9084]
  0x000002627d74a800 GCTaskThread "ParGC Thread#2" [stack: 0x000000efaa200000,0x000000efaa300000] [id=12020]
  0x000002627ce7a800 GCTaskThread "ParGC Thread#3" [stack: 0x000000efaa300000,0x000000efaa400000] [id=11300]
  0x000002627d1ca000 GCTaskThread "ParGC Thread#4" [stack: 0x000000efaa600000,0x000000efaa700000] [id=12008]
  0x000002627ceea000 GCTaskThread "ParGC Thread#5" [stack: 0x000000efaa800000,0x000000efaa900000] [id=12216]
  0x000002627e15e800 GCTaskThread "ParGC Thread#6" [stack: 0x000000efaaf00000,0x000000efab000000] [id=6428]
  0x000002627e50e000 GCTaskThread "ParGC Thread#7" [stack: 0x000000efab000000,0x000000efab100000] [id=5444]

Threads with active compile tasks:
C2 CompilerThread014628346 14190       4       org.eclipse.jdt.internal.compiler.lookup.PackageBinding::getTypeOrPackage (368 bytes)
C2 CompilerThread114628346 14192       4       org.eclipse.jdt.internal.compiler.parser.Parser::atConflictScenario (42 bytes)

VM state:synchronizing (normal execution)

VM Mutex/Monitor currently owned by a thread:  ([mutex/lock_event])
[0x00000262708046e0] Threads_lock - owner thread: 0x000002627a822000
[0x0000026270804e30] Heap_lock - owner thread: 0x000002627dadb800

Heap address: 0x00000000c0000000, size: 1024 MB, Compressed Oops mode: 32-bit
Narrow klass base: 0x0000000000000000, Narrow klass shift: 3
Compressed class space size: 1073741824 Address: 0x0000000100000000

Heap:
 PSYoungGen      total 3072K, used 2688K [0x00000000eab00000, 0x00000000eaf00000, 0x0000000100000000)
  eden space 2048K, 100% used [0x00000000eab00000,0x00000000ead00000,0x00000000ead00000)
  from space 1024K, 62% used [0x00000000ead80000,0x00000000eae20000,0x00000000eae80000)
  to   space 512K, 0% used [0x00000000eae80000,0x00000000eae80000,0x00000000eaf00000)
 ParOldGen       total 132096K, used 114402K [0x00000000c0000000, 0x00000000c8100000, 0x00000000eab00000)
  object space 132096K, 86% used [0x00000000c0000000,0x00000000c6fb8ba0,0x00000000c8100000)
 Metaspace       used 74321K, capacity 77713K, committed 78208K, reserved 1118208K
  class space    used 7099K, capacity 8365K, committed 8576K, reserved 1048576K

Card table byte_map: [0x00000262701d0000,0x00000262703e0000] _byte_map_base: 0x000002626fbd0000

Marking Bits: (ParMarkBitMap*) 0x00007ffd0159b620
 Begin Bits: [0x0000026277e40000, 0x0000026278e40000)
 End Bits:   [0x0000026278e40000, 0x0000026279e40000)

Polling page: 0x000002626e750000

Metaspace:

Usage:
  Non-class:     67.72 MB capacity,    65.65 MB ( 97%) used,     1.93 MB (  3%) free+waste,   148.50 KB ( <1%) overhead. 
      Class:      8.17 MB capacity,     6.93 MB ( 85%) used,     1.17 MB ( 14%) free+waste,    67.25 KB ( <1%) overhead. 
       Both:     75.89 MB capacity,    72.58 MB ( 96%) used,     3.10 MB (  4%) free+waste,   215.75 KB ( <1%) overhead. 

Virtual space:
  Non-class space:       68.00 MB reserved,      68.00 MB (100%) committed 
      Class space:        1.00 GB reserved,       8.38 MB ( <1%) committed 
             Both:        1.07 GB reserved,      76.38 MB (  7%) committed 

Chunk freelists:
   Non-Class:  19.50 KB
       Class:  14.38 KB
        Both:  33.88 KB

CodeHeap 'non-profiled nmethods': size=120000Kb used=10148Kb max_used=10278Kb free=109851Kb
 bounds [0x0000026207ad0000, 0x00000262084e0000, 0x000002620f000000]
CodeHeap 'profiled nmethods': size=120000Kb used=31872Kb max_used=31872Kb free=88127Kb
 bounds [0x00000262005a0000, 0x00000262024e0000, 0x0000026207ad0000]
CodeHeap 'non-nmethods': size=5760Kb used=1298Kb max_used=1364Kb free=4461Kb
 bounds [0x0000026200000000, 0x0000026200270000, 0x00000262005a0000]
 total_blobs=12725 nmethods=12015 adapters=620
 compilation: enabled
              stopped_count=0, restarted_count=0
 full_count=0

Compilation events (10 events):
Event: 14627.997 Thread 0x000002627ba8e000 14188       3       org.eclipse.core.runtime.SubProgressMonitor::worked (7 bytes)
Event: 14627.997 Thread 0x000002627ba8e000 nmethod 14188 0x00000262024d6310 code [0x00000262024d64c0, 0x00000262024d6608]
Event: 14627.997 Thread 0x000002627ba8e000 14189       3       org.eclipse.jdt.internal.core.hierarchy.HierarchyResolver::remember (108 bytes)
Event: 14627.998 Thread 0x000002627ba8e000 nmethod 14189 0x00000262024d6690 code [0x00000262024d6880, 0x00000262024d6fe8]
Event: 14628.000 Thread 0x000002627ba8d000 14190       4       org.eclipse.jdt.internal.compiler.lookup.PackageBinding::getTypeOrPackage (368 bytes)
Event: 14628.006 Thread 0x000002627ba8e000 14191       1       org.eclipse.jdt.internal.compiler.DefaultErrorHandlingPolicies$1::stopOnFirstError (2 bytes)
Event: 14628.006 Thread 0x000002627ba8e000 nmethod 14191 0x00000262081ffb10 code [0x00000262081ffca0, 0x00000262081ffd58]
Event: 14628.006 Thread 0x000002627be3c800 14192       4       org.eclipse.jdt.internal.compiler.parser.Parser::atConflictScenario (42 bytes)
Event: 14628.009 Thread 0x000002627ba8e000 14194       3       org.eclipse.jdt.internal.core.Region::createNodeFor (25 bytes)
Event: 14628.010 Thread 0x000002627ba8e000 nmethod 14194 0x00000262024d7290 code [0x00000262024d7480, 0x00000262024d7b28]

GC Heap History (10 events):
Event: 14627.980 GC heap before
{Heap before GC invocations=291 (full 12):
 PSYoungGen      total 2048K, used 1632K [0x00000000eab00000, 0x00000000eb100000, 0x0000000100000000)
  eden space 1024K, 100% used [0x00000000eab00000,0x00000000eac00000,0x00000000eac00000)
  from space 1024K, 59% used [0x00000000eb000000,0x00000000eb098000,0x00000000eb100000)
  to   space 2048K, 0% used [0x00000000ead00000,0x00000000ead00000,0x00000000eaf00000)
 ParOldGen       total 132096K, used 109638K [0x00000000c0000000, 0x00000000c8100000, 0x00000000eab00000)
  object space 132096K, 82% used [0x00000000c0000000,0x00000000c6b119a0,0x00000000c8100000)
 Metaspace       used 74319K, capacity 77713K, committed 78208K, reserved 1118208K
  class space    used 7099K, capacity 8365K, committed 8576K, reserved 1048576K
}
Event: 14627.982 GC heap after
{Heap after GC invocations=291 (full 12):
 PSYoungGen      total 3584K, used 1120K [0x00000000eab00000, 0x00000000eb080000, 0x0000000100000000)
  eden space 1536K, 0% used [0x00000000eab00000,0x00000000eab00000,0x00000000eac80000)
  from space 2048K, 54% used [0x00000000ead00000,0x00000000eae18000,0x00000000eaf00000)
  to   space 1536K, 0% used [0x00000000eaf00000,0x00000000eaf00000,0x00000000eb080000)
 ParOldGen       total 132096K, used 110142K [0x00000000c0000000, 0x00000000c8100000, 0x00000000eab00000)
  object space 132096K, 83% used [0x00000000c0000000,0x00000000c6b8f9a0,0x00000000c8100000)
 Metaspace       used 74319K, capacity 77713K, committed 78208K, reserved 1118208K
  class space    used 7099K, capacity 8365K, committed 8576K, reserved 1048576K
}
Event: 14627.984 GC heap before
{Heap before GC invocations=292 (full 12):
 PSYoungGen      total 3584K, used 2656K [0x00000000eab00000, 0x00000000eb080000, 0x0000000100000000)
  eden space 1536K, 100% used [0x00000000eab00000,0x00000000eac80000,0x00000000eac80000)
  from space 2048K, 54% used [0x00000000ead00000,0x00000000eae18000,0x00000000eaf00000)
  to   space 1536K, 0% used [0x00000000eaf00000,0x00000000eaf00000,0x00000000eb080000)
 ParOldGen       total 132096K, used 110142K [0x00000000c0000000, 0x00000000c8100000, 0x00000000eab00000)
  object space 132096K, 83% used [0x00000000c0000000,0x00000000c6b8f9a0,0x00000000c8100000)
 Metaspace       used 74319K, capacity 77713K, committed 78208K, reserved 1118208K
  class space    used 7099K, capacity 8365K, committed 8576K, reserved 1048576K
}
Event: 14627.987 GC heap after
{Heap after GC invocations=292 (full 12):
 PSYoungGen      total 2560K, used 1536K [0x00000000eab00000, 0x00000000eb300000, 0x0000000100000000)
  eden space 1024K, 0% used [0x00000000eab00000,0x00000000eab00000,0x00000000eac00000)
  from space 1536K, 100% used [0x00000000eaf00000,0x00000000eb080000,0x00000000eb080000)
  to   space 3072K, 0% used [0x00000000eac00000,0x00000000eac00000,0x00000000eaf00000)
 ParOldGen       total 132096K, used 111166K [0x00000000c0000000, 0x00000000c8100000, 0x00000000eab00000)
  object space 132096K, 84% used [0x00000000c0000000,0x00000000c6c8f9a0,0x00000000c8100000)
 Metaspace       used 74319K, capacity 77713K, committed 78208K, reserved 1118208K
  class space    used 7099K, capacity 8365K, committed 8576K, reserved 1048576K
}
Event: 14627.989 GC heap before
{Heap before GC invocations=293 (full 12):
 PSYoungGen      total 2560K, used 2560K [0x00000000eab00000, 0x00000000eb300000, 0x0000000100000000)
  eden space 1024K, 100% used [0x00000000eab00000,0x00000000eac00000,0x00000000eac00000)
  from space 1536K, 100% used [0x00000000eaf00000,0x00000000eb080000,0x00000000eb080000)
  to   space 3072K, 0% used [0x00000000eac00000,0x00000000eac00000,0x00000000eaf00000)
 ParOldGen       total 132096K, used 111166K [0x00000000c0000000, 0x00000000c8100000, 0x00000000eab00000)
  object space 132096K, 84% used [0x00000000c0000000,0x00000000c6c8f9a0,0x00000000c8100000)
 Metaspace       used 74319K, capacity 77713K, committed 78208K, reserved 1118208K
  class space    used 7099K, capacity 8365K, committed 8576K, reserved 1048576K
}
Event: 14627.992 GC heap after
{Heap after GC invocations=293 (full 12):
 PSYoungGen      total 2560K, used 1088K [0x00000000eab00000, 0x00000000eb080000, 0x0000000100000000)
  eden space 1024K, 0% used [0x00000000eab00000,0x00000000eab00000,0x00000000eac00000)
  from space 1536K, 70% used [0x00000000eac00000,0x00000000ead10000,0x00000000ead80000)
  to   space 2048K, 0% used [0x00000000eae80000,0x00000000eae80000,0x00000000eb080000)
 ParOldGen       total 132096K, used 112702K [0x00000000c0000000, 0x00000000c8100000, 0x00000000eab00000)
  object space 132096K, 85% used [0x00000000c0000000,0x00000000c6e0f9a0,0x00000000c8100000)
 Metaspace       used 74319K, capacity 77713K, committed 78208K, reserved 1118208K
  class space    used 7099K, capacity 8365K, committed 8576K, reserved 1048576K
}
Event: 14627.994 GC heap before
{Heap before GC invocations=294 (full 12):
 PSYoungGen      total 2560K, used 2101K [0x00000000eab00000, 0x00000000eb080000, 0x0000000100000000)
  eden space 1024K, 99% used [0x00000000eab00000,0x00000000eabfd728,0x00000000eac00000)
  from space 1536K, 70% used [0x00000000eac00000,0x00000000ead10000,0x00000000ead80000)
  to   space 2048K, 0% used [0x00000000eae80000,0x00000000eae80000,0x00000000eb080000)
 ParOldGen       total 132096K, used 112702K [0x00000000c0000000, 0x00000000c8100000, 0x00000000eab00000)
  object space 132096K, 85% used [0x00000000c0000000,0x00000000c6e0f9a0,0x00000000c8100000)
 Metaspace       used 74319K, capacity 77713K, committed 78208K, reserved 1118208K
  class space    used 7099K, capacity 8365K, committed 8576K, reserved 1048576K
}
Event: 14627.996 GC heap after
{Heap after GC invocations=294 (full 12):
 PSYoungGen      total 2560K, used 794K [0x00000000eab00000, 0x00000000eaf80000, 0x0000000100000000)
  eden space 1536K, 0% used [0x00000000eab00000,0x00000000eab00000,0x00000000eac80000)
  from space 1024K, 77% used [0x00000000eae80000,0x00000000eaf46900,0x00000000eaf80000)
  to   space 1024K, 0% used [0x00000000ead80000,0x00000000ead80000,0x00000000eae80000)
 ParOldGen       total 132096K, used 113726K [0x00000000c0000000, 0x00000000c8100000, 0x00000000eab00000)
  object space 132096K, 86% used [0x00000000c0000000,0x00000000c6f0f9a0,0x00000000c8100000)
 Metaspace       used 74319K, capacity 77713K, committed 78208K, reserved 1118208K
  class space    used 7099K, capacity 8365K, committed 8576K, reserved 1048576K
}
Event: 14628.002 GC heap before
{Heap before GC invocations=295 (full 12):
 PSYoungGen      total 2560K, used 2330K [0x00000000eab00000, 0x00000000eaf80000, 0x0000000100000000)
  eden space 1536K, 100% used [0x00000000eab00000,0x00000000eac80000,0x00000000eac80000)
  from space 1024K, 77% used [0x00000000eae80000,0x00000000eaf46900,0x00000000eaf80000)
  to   space 1024K, 0% used [0x00000000ead80000,0x00000000ead80000,0x00000000eae80000)
 ParOldGen       total 132096K, used 113726K [0x00000000c0000000, 0x00000000c8100000, 0x00000000eab00000)
  object space 132096K, 86% used [0x00000000c0000000,0x00000000c6f0f9a0,0x00000000c8100000)
 Metaspace       used 74320K, capacity 77713K, committed 78208K, reserved 1118208K
  class space    used 7099K, capacity 8365K, committed 8576K, reserved 1048576K
}
Event: 14628.004 GC heap after
{Heap after GC invocations=295 (full 12):
 PSYoungGen      total 3072K, used 640K [0x00000000eab00000, 0x00000000eaf00000, 0x0000000100000000)
  eden space 2048K, 0% used [0x00000000eab00000,0x00000000eab00000,0x00000000ead00000)
  from space 1024K, 62% used [0x00000000ead80000,0x00000000eae20000,0x00000000eae80000)
  to   space 512K, 0% used [0x00000000eae80000,0x00000000eae80000,0x00000000eaf00000)
 ParOldGen       total 132096K, used 114402K [0x00000000c0000000, 0x00000000c8100000, 0x00000000eab00000)
  object space 132096K, 86% used [0x00000000c0000000,0x00000000c6fb8ba0,0x00000000c8100000)
 Metaspace       used 74320K, capacity 77713K, committed 78208K, reserved 1118208K
  class space    used 7099K, capacity 8365K, committed 8576K, reserved 1048576K
}

Deoptimization events (10 events):
Event: 14509.849 Thread 0x000002627dad3000 Uncommon trap: reason=profile_predicate action=maybe_recompile pc=0x000002620817b028 method=org.eclipse.core.internal.filesystem.FileStoreUtil.countCharButNotAtEnd(Ljava/lang/String;C)I @ 29 c2
Event: 14509.850 Thread 0x000002627dad5000 Uncommon trap: reason=profile_predicate action=maybe_recompile pc=0x000002620817b028 method=org.eclipse.core.internal.filesystem.FileStoreUtil.countCharButNotAtEnd(Ljava/lang/String;C)I @ 29 c2
Event: 14509.850 Thread 0x000002627dadb800 Uncommon trap: reason=profile_predicate action=maybe_recompile pc=0x000002620817b028 method=org.eclipse.core.internal.filesystem.FileStoreUtil.countCharButNotAtEnd(Ljava/lang/String;C)I @ 29 c2
Event: 14509.979 Thread 0x000002627dad3000 Uncommon trap: reason=profile_predicate action=maybe_recompile pc=0x00000262081797d8 method=org.eclipse.core.internal.filesystem.FileStoreUtil.countCharButNotAtEnd(Ljava/lang/String;C)I @ 29 c2
Event: 14510.001 Thread 0x000002627dad3000 Uncommon trap: reason=unstable_if action=reinterpret pc=0x0000026207f0c91c method=java.util.regex.Pattern$Ques.match(Ljava/util/regex/Matcher;ILjava/lang/CharSequence;)Z @ 11 c2
Event: 14624.153 Thread 0x000002627dadb800 Uncommon trap: reason=unstable_if action=reinterpret pc=0x0000026207cf0570 method=org.eclipse.jdt.internal.codeassist.select.SelectionScanner.scanIdentifierOrKeyword()I @ 19 c2
Event: 14624.172 Thread 0x000002627dadb800 Uncommon trap: reason=loop_limit_check action=maybe_recompile pc=0x0000026207fb57f0 method=org.eclipse.jdt.internal.compiler.parser.diagnose.LexStream.token(I)Lorg/eclipse/jdt/internal/compiler/parser/diagnose/LexStream$Token; @ 83 c2
Event: 14624.173 Thread 0x000002627dadb800 Uncommon trap: reason=unstable_if action=reinterpret pc=0x0000026208064290 method=org.eclipse.jdt.internal.compiler.parser.diagnose.DiagnoseParser.misspell(II)I @ 249 c2
Event: 14624.174 Thread 0x000002627dadb800 Uncommon trap: reason=unstable_if action=reinterpret pc=0x0000026207b17a70 method=org.eclipse.jdt.internal.compiler.problem.ProblemReporter.validateRestrictedKeywords([CLjava/lang/String;IIZ)Z @ 10 c2
Event: 14624.174 Thread 0x000002627dadb800 Uncommon trap: reason=unstable_if action=reinterpret pc=0x00000262081c5020 method=org.eclipse.jdt.internal.compiler.lookup.Scope.getTypeOrPackage([CIZ)Lorg/eclipse/jdt/internal/compiler/lookup/Binding; @ 1466 c2

Classes redefined (0 events):
No events

Internal exceptions (10 events):
Event: 14304.335 Thread 0x000002620ff69000 Exception <a 'java/lang/ClassNotFoundException'{0x00000000eab1c2a8}: sun/net/www/protocol/jdt/Handler> (0x00000000eab1c2a8) thrown at [./open/src/hotspot/share/classfile/systemDictionary.cpp, line 227]
Event: 14304.335 Thread 0x000002620ff69000 Exception <a 'java/lang/ClassNotFoundException'{0x00000000eab20b98}: sun/net/www/protocol/jdt/Handler> (0x00000000eab20b98) thrown at [./open/src/hotspot/share/classfile/systemDictionary.cpp, line 227]
Event: 14304.335 Thread 0x000002620ff69000 Exception <a 'java/lang/ClassNotFoundException'{0x00000000eab248f0}: sun/net/www/protocol/jdt/Handler> (0x00000000eab248f0) thrown at [./open/src/hotspot/share/classfile/systemDictionary.cpp, line 227]
Event: 14304.335 Thread 0x000002620ff69000 Exception <a 'java/lang/ClassNotFoundException'{0x00000000eab27370}: sun/net/www/protocol/jdt/Handler> (0x00000000eab27370) thrown at [./open/src/hotspot/share/classfile/systemDictionary.cpp, line 227]
Event: 14304.335 Thread 0x000002620ff69000 Exception <a 'java/lang/ClassNotFoundException'{0x00000000eab29748}: sun/net/www/protocol/jdt/Handler> (0x00000000eab29748) thrown at [./open/src/hotspot/share/classfile/systemDictionary.cpp, line 227]
Event: 14304.336 Thread 0x000002620ff69000 Exception <a 'java/lang/ClassNotFoundException'{0x00000000eab2c268}: sun/net/www/protocol/jdt/Handler> (0x00000000eab2c268) thrown at [./open/src/hotspot/share/classfile/systemDictionary.cpp, line 227]
Event: 14304.336 Thread 0x000002620ff69000 Exception <a 'java/lang/ClassNotFoundException'{0x00000000eab2ea30}: sun/net/www/protocol/jdt/Handler> (0x00000000eab2ea30) thrown at [./open/src/hotspot/share/classfile/systemDictionary.cpp, line 227]
Event: 14304.336 Thread 0x000002620ff69000 Exception <a 'java/lang/ClassNotFoundException'{0x00000000eab30f00}: sun/net/www/protocol/jdt/Handler> (0x00000000eab30f00) thrown at [./open/src/hotspot/share/classfile/systemDictionary.cpp, line 227]
Event: 14304.336 Thread 0x000002620ff69000 Exception <a 'java/lang/ClassNotFoundException'{0x00000000eab333f8}: sun/net/www/protocol/jdt/Handler> (0x00000000eab333f8) thrown at [./open/src/hotspot/share/classfile/systemDictionary.cpp, line 227]
Event: 14624.174 Thread 0x000002627dadb800 Implicit null exception at 0x00000262081c1c89 to 0x00000262081c4ffc

Events (10 events):
Event: 14627.987 Executing VM operation: ParallelGCFailedAllocation done
Event: 14627.989 Executing VM operation: ParallelGCFailedAllocation
Event: 14627.992 Executing VM operation: ParallelGCFailedAllocation done
Event: 14627.994 Executing VM operation: ParallelGCFailedAllocation
Event: 14627.996 Executing VM operation: ParallelGCFailedAllocation done
Event: 14627.999 Thread 0x000002627dadb800 DEOPT PACKING pc=0x00000262024bc2de sp=0x000000efab1fce50
Event: 14627.999 Thread 0x000002627dadb800 DEOPT UNPACKING pc=0x00000262000265de sp=0x000000efab1fc4e0 mode 0
Event: 14628.001 Executing VM operation: ParallelGCFailedAllocation
Event: 14628.005 Executing VM operation: ParallelGCFailedAllocation done
Event: 14628.010 Executing VM operation: ParallelGCFailedAllocation


Dynamic libraries:
0x00007ff7d83e0000 - 0x00007ff7d83ef000 	C:\Program Files\Java\jdk-11.0.13\bin\java.exe
0x00007ffd70d50000 - 0x00007ffd70f45000 	C:\Windows\SYSTEM32\ntdll.dll
0x00007ffd70000000 - 0x00007ffd700bd000 	C:\Windows\System32\KERNEL32.DLL
0x00007ffd6e630000 - 0x00007ffd6e8f9000 	C:\Windows\System32\KERNELBASE.dll
0x00007ffd6e480000 - 0x00007ffd6e580000 	C:\Windows\System32\ucrtbase.dll
0x00007ffd61f30000 - 0x00007ffd61f45000 	C:\Program Files\Java\jdk-11.0.13\bin\VCRUNTIME140.dll
0x00007ffd620c0000 - 0x00007ffd620d8000 	C:\Program Files\Java\jdk-11.0.13\bin\jli.dll
0x00007ffd70870000 - 0x00007ffd7091c000 	C:\Windows\System32\ADVAPI32.dll
0x00007ffd703b0000 - 0x00007ffd7044e000 	C:\Windows\System32\msvcrt.dll
0x00007ffd6ff60000 - 0x00007ffd6fffb000 	C:\Windows\System32\sechost.dll
0x00007ffd70730000 - 0x00007ffd7085a000 	C:\Windows\System32\RPCRT4.dll
0x00007ffd6f880000 - 0x00007ffd6fa20000 	C:\Windows\System32\USER32.dll
0x00007ffd6d640000 - 0x00007ffd6d8da000 	C:\Windows\WinSxS\amd64_microsoft.windows.common-controls_6595b64144ccf1df_6.0.19041.1110_none_60b5254171f9507e\COMCTL32.dll
0x00007ffd6e900000 - 0x00007ffd6e922000 	C:\Windows\System32\win32u.dll
0x00007ffd6ef60000 - 0x00007ffd6ef8a000 	C:\Windows\System32\GDI32.dll
0x00007ffd6eb40000 - 0x00007ffd6ec4b000 	C:\Windows\System32\gdi32full.dll
0x00007ffd6e960000 - 0x00007ffd6e9fd000 	C:\Windows\System32\msvcp_win.dll
0x00007ffd6c1f0000 - 0x00007ffd6c1fa000 	C:\Windows\SYSTEM32\VERSION.dll
0x00007ffd70190000 - 0x00007ffd701c0000 	C:\Windows\System32\IMM32.DLL
0x00007ffd1d590000 - 0x00007ffd1d62b000 	C:\Program Files\Java\jdk-11.0.13\bin\msvcp140.dll
0x00007ffd00b40000 - 0x00007ffd01653000 	C:\Program Files\Java\jdk-11.0.13\bin\server\jvm.dll
0x00007ffd70860000 - 0x00007ffd70868000 	C:\Windows\System32\PSAPI.DLL
0x00007ffd6c700000 - 0x00007ffd6c709000 	C:\Windows\SYSTEM32\WSOCK32.dll
0x00007ffd538d0000 - 0x00007ffd538f7000 	C:\Windows\SYSTEM32\WINMM.dll
0x00007ffd70120000 - 0x00007ffd7018b000 	C:\Windows\System32\WS2_32.dll
0x00007ffd6bf10000 - 0x00007ffd6bf22000 	C:\Windows\SYSTEM32\kernel.appcore.dll
0x00007ffd67820000 - 0x00007ffd67830000 	C:\Program Files\Java\jdk-11.0.13\bin\verify.dll
0x00007ffd6de20000 - 0x00007ffd6e004000 	C:\Windows\SYSTEM32\DBGHELP.DLL
0x00007ffd6db20000 - 0x00007ffd6db4c000 	C:\Windows\SYSTEM32\dbgcore.DLL
0x00007ffd6ea00000 - 0x00007ffd6ea83000 	C:\Windows\System32\bcryptPrimitives.dll
0x00007ffd61cf0000 - 0x00007ffd61d18000 	C:\Program Files\Java\jdk-11.0.13\bin\java.dll
0x00007ffd64dc0000 - 0x00007ffd64dca000 	C:\Program Files\Java\jdk-11.0.13\bin\jimage.dll
0x00007ffd61cd0000 - 0x00007ffd61ce6000 	C:\Program Files\Java\jdk-11.0.13\bin\zip.dll
0x00007ffd6f140000 - 0x00007ffd6f87f000 	C:\Windows\System32\SHELL32.dll
0x00007ffd6b780000 - 0x00007ffd6bf10000 	C:\Windows\SYSTEM32\windows.storage.dll
0x00007ffd70920000 - 0x00007ffd70c75000 	C:\Windows\System32\combase.dll
0x00007ffd6dab0000 - 0x00007ffd6dadc000 	C:\Windows\SYSTEM32\Wldp.dll
0x00007ffd6fa20000 - 0x00007ffd6face000 	C:\Windows\System32\SHCORE.dll
0x00007ffd700c0000 - 0x00007ffd70115000 	C:\Windows\System32\shlwapi.dll
0x00007ffd6e3c0000 - 0x00007ffd6e3df000 	C:\Windows\SYSTEM32\profapi.dll
0x00007ffd58280000 - 0x00007ffd58299000 	C:\Program Files\Java\jdk-11.0.13\bin\net.dll
0x00007ffd65430000 - 0x00007ffd65538000 	C:\Windows\SYSTEM32\WINHTTP.dll
0x00007ffd6d570000 - 0x00007ffd6d5da000 	C:\Windows\system32\mswsock.dll
0x00007ffd57270000 - 0x00007ffd57282000 	C:\Program Files\Java\jdk-11.0.13\bin\nio.dll
0x00007ffd6e200000 - 0x00007ffd6e218000 	C:\Windows\SYSTEM32\CRYPTSP.dll
0x00007ffd6ceb0000 - 0x00007ffd6cee4000 	C:\Windows\system32\rsaenh.dll
0x00007ffd6e930000 - 0x00007ffd6e957000 	C:\Windows\System32\bcrypt.dll
0x00007ffd6e340000 - 0x00007ffd6e36e000 	C:\Windows\SYSTEM32\USERENV.dll
0x00007ffd6da00000 - 0x00007ffd6da0c000 	C:\Windows\SYSTEM32\CRYPTBASE.dll
0x00007ffd6d480000 - 0x00007ffd6d4bb000 	C:\Windows\SYSTEM32\IPHLPAPI.DLL
0x00007ffd70ce0000 - 0x00007ffd70ce8000 	C:\Windows\System32\NSI.dll
0x00007ffd64ea0000 - 0x00007ffd64eb7000 	C:\Windows\SYSTEM32\dhcpcsvc6.DLL
0x00007ffd64d80000 - 0x00007ffd64d9d000 	C:\Windows\SYSTEM32\dhcpcsvc.DLL
0x00007ffd6d170000 - 0x00007ffd6d23c000 	C:\Windows\SYSTEM32\DNSAPI.dll
0x00007ffd4a200000 - 0x00007ffd4a23e000 	C:\Users\user\AppData\Roaming\Code\User\globalStorage\redhat.java\1.0.0\config_win\org.eclipse.equinox.launcher\org.eclipse.equinox.launcher.win32.win32.x86_64_1.2.400.v20210928-1041\eclipse_11600.dll
0x00007ffd701c0000 - 0x00007ffd702ea000 	C:\Windows\System32\ole32.dll
0x00007ffd4b470000 - 0x00007ffd4b481000 	C:\Users\user\AppData\Roaming\Code\User\globalStorage\redhat.java\1.0.0\config_win\org.eclipse.osgi\22\0\.cp\jWinHttp-1.0.0.dll
0x00007ffd4b2e0000 - 0x00007ffd4b2ed000 	C:\Program Files\Java\jdk-11.0.13\bin\sunmscapi.dll
0x00007ffd6ec50000 - 0x00007ffd6edaf000 	C:\Windows\System32\CRYPT32.dll
0x00007ffd6db50000 - 0x00007ffd6db77000 	C:\Windows\SYSTEM32\ncrypt.dll
0x00007ffd6dae0000 - 0x00007ffd6db1b000 	C:\Windows\SYSTEM32\NTASN1.dll
0x00007ffd450d0000 - 0x00007ffd450f5000 	C:\Program Files\Java\jdk-11.0.13\bin\sunec.dll
0x00007ffd62ee0000 - 0x00007ffd62eea000 	C:\Windows\System32\rasadhlp.dll
0x00007ffd65070000 - 0x00007ffd650ef000 	C:\Windows\System32\fwpuclnt.dll

dbghelp: loaded successfully - version: 4.0.5 - missing functions: none
symbol engine: initialized successfully - sym options: 0x614 - pdb path: .;C:\Program Files\Java\jdk-11.0.13\bin;C:\Windows\SYSTEM32;C:\Windows\WinSxS\amd64_microsoft.windows.common-controls_6595b64144ccf1df_6.0.19041.1110_none_60b5254171f9507e;C:\Program Files\Java\jdk-11.0.13\bin\server;C:\Users\user\AppData\Roaming\Code\User\globalStorage\redhat.java\1.0.0\config_win\org.eclipse.equinox.launcher\org.eclipse.equinox.launcher.win32.win32.x86_64_1.2.400.v20210928-1041;C:\Users\user\AppData\Roaming\Code\User\globalStorage\redhat.java\1.0.0\config_win\org.eclipse.osgi\22\0\.cp

VM Arguments:
jvm_args: --add-modules=ALL-SYSTEM --add-opens=java.base/java.util=ALL-UNNAMED --add-opens=java.base/java.lang=ALL-UNNAMED -Declipse.application=org.eclipse.jdt.ls.core.id1 -Dosgi.bundles.defaultStartLevel=4 -Declipse.product=org.eclipse.jdt.ls.core.product -Dfile.encoding=utf8 -DwatchParentProcess=false -XX:+UseParallelGC -XX:GCTimeRatio=4 -XX:AdaptiveSizePolicyWeight=90 -Dsun.zip.disableMemoryMapping=true -Xmx1G -Xms100m -Xverify:none 
java_command: c:\Users\user\.vscode\extensions\redhat.java-1.0.0\server\plugins\org.eclipse.equinox.launcher_1.6.400.v20210924-0641.jar -configuration c:\Users\user\AppData\Roaming\Code\User\globalStorage\redhat.java\1.0.0\config_win -data c:\Users\user\AppData\Roaming\Code\User\workspaceStorage\ae27fa1ab734a71e7c68ea1d23b01e72\redhat.java\jdt_ws
java_class_path (initial): c:\Users\user\.vscode\extensions\redhat.java-1.0.0\server\plugins\org.eclipse.equinox.launcher_1.6.400.v20210924-0641.jar
Launcher Type: SUN_STANDARD

[Global flags]
    uintx AdaptiveSizePolicyWeight                 = 90                                        {product} {command line}
     bool BytecodeVerificationLocal                = false                                     {product} {command line}
     bool BytecodeVerificationRemote               = false                                     {product} {command line}
     intx CICompilerCount                          = 4                                         {product} {ergonomic}
    uintx GCTimeRatio                              = 4                                         {product} {command line}
   size_t InitialHeapSize                          = 104857600                                 {product} {command line}
   size_t MaxHeapSize                              = 1073741824                                {product} {command line}
   size_t MaxNewSize                               = 357564416                                 {product} {ergonomic}
   size_t MinHeapDeltaBytes                        = 524288                                    {product} {ergonomic}
   size_t NewSize                                  = 34603008                                  {product} {ergonomic}
    uintx NonNMethodCodeHeapSize                   = 5836300                                {pd product} {ergonomic}
    uintx NonProfiledCodeHeapSize                  = 122910970                              {pd product} {ergonomic}
   size_t OldSize                                  = 70254592                                  {product} {ergonomic}
    uintx ProfiledCodeHeapSize                     = 122910970                              {pd product} {ergonomic}
    uintx ReservedCodeCacheSize                    = 251658240                              {pd product} {ergonomic}
     bool SegmentedCodeCache                       = true                                      {product} {ergonomic}
     bool UseCompressedClassPointers               = true                                 {lp64_product} {ergonomic}
     bool UseCompressedOops                        = true                                 {lp64_product} {ergonomic}
     bool UseLargePagesIndividualAllocation        = false                                  {pd product} {ergonomic}
     bool UseParallelGC                            = true                                      {product} {command line}

Logging:
Log output configuration:
 #0: stdout all=warning uptime,level,tags
 #1: stderr all=off uptime,level,tags

Environment Variables:
PATH=C:\Program Files\Common Files\Oracle\Java\javapath;C:\Windows\system32;C:\Windows;C:\Windows\System32\Wbem;C:\Windows\System32\WindowsPowerShell\v1.0\;C:\Windows\System32\OpenSSH\;C:\Program Files\nodejs\;C:\apache-maven-3.8.3\bin;C:\Program Files\MySQL\MySQL Shell 8.0\bin\;C:\Users\user\AppData\Local\Microsoft\WindowsApps;C:\Users\user\AppData\Roaming\npm;C:\Users\user\AppData\Local\GitHubDesktop\bin;C:\Users\user\AppData\Local\Programs\Microsoft VS Code\bin;C:\apache-maven-3.8.3\bin;
USERNAME=user
OS=Windows_NT
PROCESSOR_IDENTIFIER=Intel64 Family 6 Model 142 Stepping 12, GenuineIntel



---------------  S Y S T E M  ---------------

OS: Windows 10 , 64 bit Build 19041 (10.0.19041.1151)

CPU:total 8 (initial active 8) (4 cores per cpu, 2 threads per core) family 6 model 142 stepping 12 microcode 0xde, cmov, cx8, fxsr, mmx, sse, sse2, sse3, ssse3, sse4.1, sse4.2, popcnt, avx, avx2, aes, clmul, erms, 3dnowpref, lzcnt, ht, tsc, tscinvbit, bmi1, bmi2, adx, fma

Memory: 4k page, system-wide physical 7952M (1011M free)
TotalPageFile size 13584M (AvailPageFile size 2610M)
current process WorkingSet (physical memory assigned to process): 358M, peak: 402M
current process commit charge ("private bytes"): 418M, peak: 479M

vm_info: Java HotSpot(TM) 64-Bit Server VM (11.0.13+10-LTS-370) for windows-amd64 JRE (11.0.13+10-LTS-370), built on Sep 15 2021 22:10:36 by "mach5one" with MS VC++ 15.9 (VS2017)

END.
